[start Server http://localhost:8000/workspace]
[start Server http://localhost:8000/workspace]
[start Server http://localhost:8000/workspace]
[start Server http://localhost:8000/workspace]
[start Server http://localhost:8000/workspace]
[start Server http://localhost:8000/workspace]
[start Server http://localhost:8000/workspace]
[start Server http://localhost:8000/workspace]
[start Server http://localhost:8000/workspace]
[start Server http://localhost:8000/workspace]
[start Server http://localhost:8000/workspace]
[start Server http://localhost:8000/workspace]
[start Server http://localhost:8000/workspace]
[start Server http://localhost:8000/workspace]
[start Server http://localhost:8000/workspace]
[start Server http://localhost:8000/workspace]
[start Server http://localhost:8000/workspace]
[start Server http://localhost:8000/workspace]
evalmachine.<anonymous>:1
$ 
^

ReferenceError: $ is not defined
    at evalmachine.<anonymous>:1:1
    at Script.runInContext (vm.js:131:20)
    at Script.runInNewContext (vm.js:137:17)
    at Object.runInNewContext (vm.js:304:38)
    at REPLServer.repl_eval (/Users/mizunuma/work/Project/Test/content191018-scape_node_sample/ScapeNodeSample/server.js:29:31)
    at bound (domain.js:429:14)
    at REPLServer.runBound [as eval] (domain.js:442:12)
    at REPLServer.onLine (repl.js:759:10)
    at REPLServer.emit (events.js:321:20)
    at REPLServer.EventEmitter.emit (domain.js:485:12)
evalmachine.<anonymous>:1
a
^

ReferenceError: a is not defined
    at evalmachine.<anonymous>:1:1
    at Script.runInContext (vm.js:131:20)
    at Script.runInNewContext (vm.js:137:17)
    at Object.runInNewContext (vm.js:304:38)
    at REPLServer.repl_eval (/Users/mizunuma/work/Project/Test/content191018-scape_node_sample/ScapeNodeSample/server.js:29:31)
    at bound (domain.js:429:14)
    at REPLServer.runBound [as eval] (domain.js:442:12)
    at REPLServer.onLine (repl.js:759:10)
    at REPLServer.emit (events.js:321:20)
    at REPLServer.EventEmitter.emit (domain.js:485:12)
[start Server http://localhost:8000/workspace]
[start Server http://localhost:8000/workspace]
TypeError: Cannot read property 'close' of null
    at Object.connect (/Users/mizunuma/work/Project/Test/content191018-scape_node_sample/ScapeNodeSample/Database.js:18:21)
    at processTicksAndRejections (internal/process/task_queues.js:97:5)
    at async Object.read (/Users/mizunuma/work/Project/Test/content191018-scape_node_sample/ScapeNodeSample/Node.js:39:14)
    at async module.exports.checkout (/Users/mizunuma/work/Project/Test/content191018-scape_node_sample/ScapeNodeSample/Node.js:65:18)
    at async evalmachine.<anonymous>:1:24
    at async REPLServer.repl_eval (/Users/mizunuma/work/Project/Test/content191018-scape_node_sample/ScapeNodeSample/server.js:29:22)
TypeError: Cannot read property 'close' of null
    at Object.connect (/Users/mizunuma/work/Project/Test/content191018-scape_node_sample/ScapeNodeSample/Database.js:18:21)
    at processTicksAndRejections (internal/process/task_queues.js:97:5)
    at async Object.read (/Users/mizunuma/work/Project/Test/content191018-scape_node_sample/ScapeNodeSample/Node.js:39:14)
    at async module.exports.checkout (/Users/mizunuma/work/Project/Test/content191018-scape_node_sample/ScapeNodeSample/Node.js:65:18)
    at async evalmachine.<anonymous>:1:24
    at async REPLServer.repl_eval (/Users/mizunuma/work/Project/Test/content191018-scape_node_sample/ScapeNodeSample/server.js:29:22)
[start Server http://localhost:8000/workspace]
TypeError: Cannot read property 'close' of null
    at Object.connect (/Users/mizunuma/work/Project/Test/content191018-scape_node_sample/ScapeNodeSample/Database.js:18:21)
    at processTicksAndRejections (internal/process/task_queues.js:97:5)
    at async Object.read (/Users/mizunuma/work/Project/Test/content191018-scape_node_sample/ScapeNodeSample/Node.js:39:14)
    at async module.exports.checkout (/Users/mizunuma/work/Project/Test/content191018-scape_node_sample/ScapeNodeSample/Node.js:65:18)
    at async evalmachine.<anonymous>:1:24
    at async REPLServer.repl_eval (/Users/mizunuma/work/Project/Test/content191018-scape_node_sample/ScapeNodeSample/server.js:29:22)
[start Server http://localhost:8000/workspace]
TypeError: Cannot read property 'close' of null
    at Object.connect (/Users/mizunuma/work/Project/Test/content191018-scape_node_sample/ScapeNodeSample/Database.js:18:21)
    at processTicksAndRejections (internal/process/task_queues.js:97:5)
    at async Object.read (/Users/mizunuma/work/Project/Test/content191018-scape_node_sample/ScapeNodeSample/Node.js:39:14)
    at async module.exports.checkout (/Users/mizunuma/work/Project/Test/content191018-scape_node_sample/ScapeNodeSample/Node.js:65:18)
    at async evalmachine.<anonymous>:1:24
    at async REPLServer.repl_eval (/Users/mizunuma/work/Project/Test/content191018-scape_node_sample/ScapeNodeSample/server.js:29:22)
[start Server http://localhost:8000/workspace]
[start Server http://localhost:8000/workspace]
TypeError: Cannot read property 'close' of null
    at Object.connect (/Users/mizunuma/work/Project/Test/content191018-scape_node_sample/ScapeNodeSample/Database.js:18:21)
    at processTicksAndRejections (internal/process/task_queues.js:97:5)
    at async Object.read (/Users/mizunuma/work/Project/Test/content191018-scape_node_sample/ScapeNodeSample/Node.js:39:14)
    at async module.exports.checkout (/Users/mizunuma/work/Project/Test/content191018-scape_node_sample/ScapeNodeSample/Node.js:65:18)
    at async evalmachine.<anonymous>:1:24
    at async REPLServer.repl_eval (/Users/mizunuma/work/Project/Test/content191018-scape_node_sample/ScapeNodeSample/server.js:29:22)
[start Server http://localhost:8000/workspace]
[start Server http://localhost:8000/workspace]
TypeError: Cannot read property 'close' of null
    at Object.connect (/Users/mizunuma/work/Project/Test/content191018-scape_node_sample/ScapeNodeSample/Database.js:18:21)
    at processTicksAndRejections (internal/process/task_queues.js:97:5)
    at async Object.read (/Users/mizunuma/work/Project/Test/content191018-scape_node_sample/ScapeNodeSample/Node.js:39:14)
    at async module.exports.checkout (/Users/mizunuma/work/Project/Test/content191018-scape_node_sample/ScapeNodeSample/Node.js:65:18)
    at async evalmachine.<anonymous>:1:24
    at async REPLServer.repl_eval (/Users/mizunuma/work/Project/Test/content191018-scape_node_sample/ScapeNodeSample/server.js:29:22)
[start Server http://localhost:8000/workspace]
TypeError: Cannot read property 'close' of null
    at Object.connect (/Users/mizunuma/work/Project/Test/content191018-scape_node_sample/ScapeNodeSample/Database.js:18:21)
    at processTicksAndRejections (internal/process/task_queues.js:97:5)
    at async Object.read (/Users/mizunuma/work/Project/Test/content191018-scape_node_sample/ScapeNodeSample/Node.js:39:14)
    at async module.exports.checkout (/Users/mizunuma/work/Project/Test/content191018-scape_node_sample/ScapeNodeSample/Node.js:65:18)
    at async evalmachine.<anonymous>:1:24
    at async REPLServer.repl_eval (/Users/mizunuma/work/Project/Test/content191018-scape_node_sample/ScapeNodeSample/server.js:29:22)
TypeError: Cannot read property 'close' of null
    at Object.connect (/Users/mizunuma/work/Project/Test/content191018-scape_node_sample/ScapeNodeSample/Database.js:18:21)
    at processTicksAndRejections (internal/process/task_queues.js:97:5)
    at async Object.read (/Users/mizunuma/work/Project/Test/content191018-scape_node_sample/ScapeNodeSample/Node.js:39:14)
    at async module.exports.checkout (/Users/mizunuma/work/Project/Test/content191018-scape_node_sample/ScapeNodeSample/Node.js:65:18)
    at async evalmachine.<anonymous>:1:24
    at async REPLServer.repl_eval (/Users/mizunuma/work/Project/Test/content191018-scape_node_sample/ScapeNodeSample/server.js:29:22)
[start Server http://localhost:8000/workspace]
[start Server http://localhost:8000/workspace]
[start Server http://localhost:8000/workspace]
[start Server http://localhost:8000/workspace]
[start Server http://localhost:8000/workspace]
[start Server http://localhost:8000/workspace]
[start Server http://localhost:8000/workspace]
[start Server http://localhost:8000/workspace]
[start Server http://localhost:8000/workspace]
[start Server http://localhost:8000/workspace]
[start Server http://localhost:8000/workspace]
[start Server http://localhost:8000/workspace]
[start Server http://localhost:8000/workspace]
[start Server http://localhost:8000/workspace]
[start Server http://localhost:8000/workspace]
[start Server http://localhost:8000/workspace]
[start Server http://localhost:8000/workspace]
[start Server http://localhost:8000/workspace]
[start Server http://localhost:8000/workspace]
[start Server http://localhost:8000/workspace]
[start Server http://localhost:8000/workspace]
TypeError: Cannot read property 'key' of null
    at module.exports.target (/Users/mizunuma/work/Project/Test/content191018-scape_node_sample/ScapeNodeSample/Node.js:74:23)
    at module.exports.find (/Users/mizunuma/work/Project/Test/content191018-scape_node_sample/ScapeNodeSample/Node.js:81:23)
    at module.exports.cd (/Users/mizunuma/work/Project/Test/content191018-scape_node_sample/ScapeNodeSample/Node.js:170:61)
    at evalmachine.<anonymous>:1:30
    at evalmachine.<anonymous>:2:4
    at Script.runInContext (vm.js:131:20)
    at Script.runInNewContext (vm.js:137:17)
    at Object.runInNewContext (vm.js:304:38)
    at REPLServer.repl_eval (/Users/mizunuma/work/Project/Test/content191018-scape_node_sample/ScapeNodeSample/server.js:29:31)
    at bound (domain.js:429:14)
TypeError: Cannot read property 'close' of null
    at Object.connect (/Users/mizunuma/work/Project/Test/content191018-scape_node_sample/ScapeNodeSample/Database.js:18:21)
    at processTicksAndRejections (internal/process/task_queues.js:97:5)
    at async Object.read (/Users/mizunuma/work/Project/Test/content191018-scape_node_sample/ScapeNodeSample/Node.js:39:14)
    at async module.exports.cat (/Users/mizunuma/work/Project/Test/content191018-scape_node_sample/ScapeNodeSample/Node.js:219:23)
    at async evalmachine.<anonymous>:1:24
    at async REPLServer.repl_eval (/Users/mizunuma/work/Project/Test/content191018-scape_node_sample/ScapeNodeSample/server.js:29:22)
[start Server http://localhost:8000/workspace]
[start Server http://localhost:8000/workspace]
TypeError: Cannot read property 'key' of null
    at module.exports.target (/Users/mizunuma/work/Project/Test/content191018-scape_node_sample/ScapeNodeSample/Node.js:74:23)
    at module.exports.find (/Users/mizunuma/work/Project/Test/content191018-scape_node_sample/ScapeNodeSample/Node.js:81:23)
    at module.exports.cd (/Users/mizunuma/work/Project/Test/content191018-scape_node_sample/ScapeNodeSample/Node.js:170:61)
    at evalmachine.<anonymous>:1:30
    at evalmachine.<anonymous>:2:4
    at Script.runInContext (vm.js:131:20)
    at Script.runInNewContext (vm.js:137:17)
    at Object.runInNewContext (vm.js:304:38)
    at REPLServer.repl_eval (/Users/mizunuma/work/Project/Test/content191018-scape_node_sample/ScapeNodeSample/server.js:29:31)
    at bound (domain.js:429:14)
[start Server http://localhost:8000/workspace]
[start Server http://localhost:8000/workspace]
[start Server http://localhost:8000/workspace]
[start Server http://localhost:8000/workspace]
[start Server http://localhost:8000/workspace]
[start Server http://localhost:8000/workspace]
evalmachine.<anonymous>:1
cosole.log("マハーバラタ");
^

ReferenceError: cosole is not defined
    at evalmachine.<anonymous>:1:1
    at Script.runInContext (vm.js:131:20)
    at Script.runInNewContext (vm.js:137:17)
    at Object.runInNewContext (vm.js:304:38)
    at REPLServer.repl_eval (/Users/mizunuma/work/Project/Test/content191018-scape_node_sample/ScapeNodeSample/server.js:29:31)
    at bound (domain.js:429:14)
    at REPLServer.runBound [as eval] (domain.js:442:12)
    at REPLServer.onLine (repl.js:759:10)
    at REPLServer.emit (events.js:321:20)
    at REPLServer.EventEmitter.emit (domain.js:485:12)
[start Server http://localhost:8000/workspace]
[start Server http://localhost:8000/workspace]
TypeError: Cannot read property 'value' of null
    at module.exports.cat (/Users/mizunuma/work/Project/Test/content191018-scape_node_sample/ScapeNodeSample/Node.js:220:25)
    at processTicksAndRejections (internal/process/task_queues.js:97:5)
    at async evalmachine.<anonymous>:1:24
    at async REPLServer.repl_eval (/Users/mizunuma/work/Project/Test/content191018-scape_node_sample/ScapeNodeSample/server.js:29:22)
[start Server http://localhost:8000/workspace]
[start Server http://localhost:8000/workspace]
[start Server http://localhost:8000/workspace]
[start Server http://localhost:8000/workspace]
[start Server http://localhost:8000/workspace]
[start Server http://localhost:8000/workspace]
[start Server http://localhost:8000/workspace]
[start Server http://localhost:8000/workspace]
[start Server http://localhost:8000/workspace]
[start Server http://localhost:8000/workspace]
[start Server http://localhost:8000/workspace]
[start Server http://localhost:8000/workspace]
[start Server http://localhost:8000/workspace]
[start Server http://localhost:8000/workspace]
[start Server http://localhost:8000/workspace]
[start Server http://localhost:8000/workspace]
[start Server http://localhost:8000/workspace]
[start Server http://localhost:8000/workspace]
[start Server http://localhost:8000/workspace]
[start Server http://localhost:8000/workspace]
[start Server http://localhost:8000/workspace]
[start Server http://localhost:8000/workspace]
[start Server http://localhost:8000/workspace]
[start Server http://localhost:8000/workspace]
[start Server http://localhost:8000/workspace]
[start Server http://localhost:8000/workspace]
[start Server http://localhost:8000/workspace]
[start Server http://localhost:8000/workspace]
[start Server http://localhost:8000/workspace]
[start Server http://localhost:8000/workspace]
[start Server http://localhost:8000/workspace]
[start Server http://localhost:8000/workspace]
[start Server http://localhost:8000/workspace]
[start Server http://localhost:8000/workspace]
[start Server http://localhost:8000/workspace]
evalmachine.<anonymous>:1
node
^

ReferenceError: node is not defined
    at evalmachine.<anonymous>:1:1
    at Script.runInContext (vm.js:131:20)
    at Script.runInNewContext (vm.js:137:17)
    at Object.runInNewContext (vm.js:304:38)
    at REPLServer.repl_eval (/Users/mizunuma/work/Project/Test/content191018-scape_node_sample/ScapeNodeSample/server.js:29:31)
    at bound (domain.js:429:14)
    at REPLServer.runBound [as eval] (domain.js:442:12)
    at REPLServer.onLine (repl.js:759:10)
    at REPLServer.emit (events.js:321:20)
    at REPLServer.EventEmitter.emit (domain.js:485:12)
evalmachine.<anonymous>:1
node
^

ReferenceError: node is not defined
    at evalmachine.<anonymous>:1:1
    at Script.runInContext (vm.js:131:20)
    at Script.runInNewContext (vm.js:137:17)
    at Object.runInNewContext (vm.js:304:38)
    at REPLServer.repl_eval (/Users/mizunuma/work/Project/Test/content191018-scape_node_sample/ScapeNodeSample/server.js:29:31)
    at bound (domain.js:429:14)
    at REPLServer.runBound [as eval] (domain.js:442:12)
    at REPLServer.onLine (repl.js:759:10)
    at REPLServer.emit (events.js:321:20)
    at REPLServer.EventEmitter.emit (domain.js:485:12)
[start Server http://localhost:8000/workspace]
[start Server http://localhost:8000/workspace]
[start Server http://localhost:8000/workspace]
[start Server http://localhost:8000/workspace]
[start Server http://localhost:8000/workspace]
[start Server http://localhost:8000/workspace]
[start Server http://localhost:8000/workspace]
[start Server http://localhost:8000/workspace]
[start Server http://localhost:8000/workspace]
[start Server http://localhost:8000/workspace]
[start Server http://localhost:8000/workspace]
[start Server http://localhost:8000/workspace]
[start Server http://localhost:8000/workspace]
[start Server http://localhost:8000/workspace]
[start Server http://localhost:8000/workspace]
[start Server http://localhost:8000/workspace]
[start Server http://localhost:8000/workspace]
[start Server http://localhost:8000/workspace]
[start Server http://localhost:8000/workspace]
[start Server http://localhost:8000/workspace]
[start Server http://localhost:8000/workspace]
[start Server http://localhost:8000/workspace]
[start Server http://localhost:8000/workspace]
[start Server http://localhost:8000/workspace]
[start Server http://localhost:8000/workspace]
[start Server http://localhost:8000/workspace]
[start Server http://localhost:8000/workspace]
[start Server http://localhost:8000/workspace]
[start Server http://localhost:8000/workspace]
[start Server http://localhost:8000/workspace]
[start Server http://localhost:8000/workspace]
[start Server http://localhost:8000/workspace]
[start Server http://localhost:8000/workspace]
[start Server http://localhost:8000/workspace]
[start Server http://localhost:8000/workspace]
[start Server http://localhost:8000/workspace]
[start Server http://localhost:8000/workspace]
[start Server http://localhost:8000/workspace]
[start Server http://localhost:8000/workspace]
[start Server http://localhost:8000/workspace]
[start Server http://localhost:8000/workspace]
[start Server http://localhost:8000/workspace]
[start Server http://localhost:8000/workspace]
[start Server http://localhost:8000/workspace]
[start Server http://localhost:8000/workspace]
[start Server http://localhost:8000/workspace]
[start Server http://localhost:8000/workspace]
[start Server http://localhost:8000/workspace]
[start Server http://localhost:8000/workspace]
[start Server http://localhost:8000/workspace]
[start Server http://localhost:8000/workspace]
[start Server http://localhost:8000/workspace]
[start Server http://localhost:8000/workspace]
[start Server http://localhost:8000/workspace]
[start Server http://localhost:8000/workspace]
[start Server http://localhost:8000/workspace]
[start Server http://localhost:8000/workspace]
[start Server http://localhost:8000/workspace]
[start Server http://localhost:8000/workspace]
[start Server http://localhost:8000/workspace]
[start Server http://localhost:8000/workspace]
[start Server http://localhost:8000/workspace]
[start Server http://localhost:8000/workspace]
[start Server http://localhost:8000/workspace]
[start Server http://localhost:8000/workspace]
[start Server http://localhost:8000/workspace]
[start Server http://localhost:8000/workspace]
[start Server http://localhost:8000/workspace]
[start Server http://localhost:8000/workspace]
[start Server http://localhost:8000/workspace]
[start Server http://localhost:8000/workspace]
[start Server http://localhost:8000/workspace]
